
In toplevel form:
typescript-mode.el:66:2: Warning: defconst `typescript--type-name-re' docstring wider than 80 characters
typescript-mode.el:83:2: Warning: defconst `typescript--plain-method-re' docstring has wrong usage of unescaped single quotes (use \=' or different quoting such as `...')
typescript-mode.el:618:2: Warning: custom-declare-face `typescript-this-face' docstring has wrong usage of unescaped single quotes (use \=' or different quoting such as `...')
typescript-mode.el:778:2: Warning: defvar `typescript--quick-match-re-func' docstring wider than 80 characters

In typescript--forward-function-decl:
typescript-mode.el:1024:2: Warning: docstring has wrong usage of unescaped single quotes (use \=' or different quoting such as `...')

In typescript--documentation-font-lock-helper:
typescript-mode.el:1775:2: Warning: docstring wider than 80 characters

In typescript--jsdoc-arg-tag-matcher:
typescript-mode.el:1790:2: Warning: docstring wider than 80 characters

In typescript--flyspell-mode-predicate:
typescript-mode.el:2012:2: Warning: docstring wider than 80 characters
typescript-mode.el:2018:6: Warning: ‘font-lock-fontify-buffer’ is for interactive use only; use ‘font-lock-ensure’ or ‘font-lock-flush’ instead.
typescript-mode.el:2039:48: Warning: ‘point-at-bol’ is an obsolete function (as of 29.1); use ‘line-beginning-position’ or ‘pos-bol’ instead.

In typescript--end-of-do-while-loop-p:
typescript-mode.el:2475:53: Warning: ‘point-at-bol’ is an obsolete function (as of 29.1); use ‘line-beginning-position’ or ‘pos-bol’ instead.
typescript-mode.el:2482:33: Warning: ‘point-at-eol’ is an obsolete function (as of 29.1); use ‘line-end-position’ or ‘pos-eol’ instead.

In typescript--ctrl-statement-indentation:
typescript-mode.el:2494:28: Warning: ‘point-at-bol’ is an obsolete function (as of 29.1); use ‘line-beginning-position’ or ‘pos-bol’ instead.

In typescript-indent-line:
typescript-mode.el:2707:43: Warning: ‘point-at-bol’ is an obsolete function (as of 29.1); use ‘line-beginning-position’ or ‘pos-bol’ instead.

In typescript-mode:
typescript-mode.el:3110:15: Warning: ‘syntax-begin-function’ is an obsolete variable (as of 25.1).

In end of data:
typescript-mode.el:2021:5: Warning: the function ‘flyspell-generic-progmode-verify’ is not known to be defined.
